<?xml version="1.0" encoding="UTF-8"?>
<!-- Generated by org.testng.reporters.JUnitReportReporter -->
<testsuite skipped="0" hostname="LAPTOP-UD8M5OME" name="com.alphabet.gmail.testngtopic.TC003" tests="5" failures="0" timestamp="2020-09-25T00:26:55 IST" time="73.538" errors="0">
  <testcase name="testValidLogin" time="15.200" classname="com.alphabet.gmail.testngtopic.TC003"/>
  <system-out/>
  <testcase name="testValidLogin" time="13.573" classname="com.alphabet.gmail.testngtopic.TC003"/>
  <system-out/>
  <testcase name="testValidLogin" time="16.347" classname="com.alphabet.gmail.testngtopic.TC003"/>
  <system-out/>
  <testcase name="testValidLogin" time="15.256" classname="com.alphabet.gmail.testngtopic.TC003"/>
  <system-out/>
  <testcase name="testValidLogin" time="13.162" classname="com.alphabet.gmail.testngtopic.TC003"/>
  <system-out/>
</testsuite> <!-- com.alphabet.gmail.testngtopic.TC003 -->
