<?xml version="1.0" encoding="UTF-8"?>
<!-- Generated by org.testng.reporters.JUnitReportReporter -->
<testsuite skipped="0" hostname="LAPTOP-UD8M5OME" name="com.alphabet.gmail.testngtopic.TC001" tests="1" failures="0" timestamp="2020-09-25T00:22:11 IST" time="0.007" errors="0">
  <testcase name="testValidLogin" time="0.007" classname="com.alphabet.gmail.testngtopic.TC001"/>
  <system-out>
Running testValidLogin Method  </system-out>
</testsuite> <!-- com.alphabet.gmail.testngtopic.TC001 -->
