<?xml version="1.0" encoding="UTF-8"?>
<!-- Generated by org.testng.reporters.JUnitReportReporter -->
<testsuite skipped="0" hostname="LAPTOP-UD8M5OME" name="com.alphabet.gmail.testngtopic.TC011" tests="4" failures="0" timestamp="2020-09-26T23:28:36 IST" time="0.011" errors="0">
  <testcase name="m5" time="0.001" classname="com.alphabet.gmail.testngtopic.TC011"/>
  <system-out>
@Test  </system-out>
  <testcase name="t1" time="0.002" classname="com.alphabet.gmail.testngtopic.TC011"/>
  <system-out>
@Test  </system-out>
  <testcase name="t1" time="0.002" classname="com.alphabet.gmail.testngtopic.TC011"/>
  <system-out>
@Test  </system-out>
  <testcase name="m5" time="0.006" classname="com.alphabet.gmail.testngtopic.TC011"/>
  <system-out>
@Test  </system-out>
</testsuite> <!-- com.alphabet.gmail.testngtopic.TC011 -->
