<?xml version="1.0" encoding="UTF-8"?>
<!-- Generated by org.testng.reporters.JUnitReportReporter -->
<testsuite skipped="0" hostname="LAPTOP-UD8M5OME" name="com.alphabet.gmail.testngtopic.TC018" tests="1" failures="0" timestamp="2020-09-27T00:41:23 IST" time="6.471" errors="0">
  <testcase name="test" time="6.471" classname="com.alphabet.gmail.testngtopic.TC018"/>
  <system-out/>
</testsuite> <!-- com.alphabet.gmail.testngtopic.TC018 -->
