<?xml version="1.0" encoding="UTF-8"?>
<!-- Generated by org.testng.reporters.JUnitReportReporter -->
<testsuite skipped="0" hostname="LAPTOP-UD8M5OME" name="com.alphabet.gmail.testngtopic.TC008" tests="2" failures="0" timestamp="2020-09-26T23:28:11 IST" time="0.016" errors="0">
  <testcase name="test1" time="0.001" classname="com.alphabet.gmail.testngtopic.TC008"/>
  <system-out>
Running test1 Method from TC008 class  </system-out>
  <testcase name="test1" time="0.015" classname="com.alphabet.gmail.testngtopic.TC008"/>
  <system-out>
Running test1 Method from TC008 class  </system-out>
</testsuite> <!-- com.alphabet.gmail.testngtopic.TC008 -->
