<?xml version="1.0" encoding="UTF-8"?>
<!-- Generated by org.testng.reporters.JUnitReportReporter -->
<testsuite skipped="0" hostname="LAPTOP-UD8M5OME" name="com.alphabet.gmail.testngtopic.TC002" tests="3" failures="0" timestamp="2020-09-25T00:24:06 IST" time="45.904" errors="0">
  <testcase name="testValidLogin" time="12.802" classname="com.alphabet.gmail.testngtopic.TC002"/>
  <system-out/>
  <testcase name="testValidLogin" time="14.474" classname="com.alphabet.gmail.testngtopic.TC002"/>
  <system-out/>
  <testcase name="testValidLogin" time="18.628" classname="com.alphabet.gmail.testngtopic.TC002"/>
  <system-out/>
</testsuite> <!-- com.alphabet.gmail.testngtopic.TC002 -->
