<?xml version="1.0" encoding="UTF-8"?>
<!-- Generated by org.testng.reporters.JUnitReportReporter -->
<testsuite skipped="0" hostname="LAPTOP-UD8M5OME" name="com.alphabet.gmail.testngtopic.TC009" tests="2" failures="0" timestamp="2020-09-26T23:28:11 IST" time="0.005" errors="0">
  <testcase name="test2" time="0.002" classname="com.alphabet.gmail.testngtopic.TC009"/>
  <system-out>
Running test2 Method from TC009 class  </system-out>
  <testcase name="test2" time="0.003" classname="com.alphabet.gmail.testngtopic.TC009"/>
  <system-out>
Running test2 Method from TC009 class  </system-out>
</testsuite> <!-- com.alphabet.gmail.testngtopic.TC009 -->
