<?xml version="1.0" encoding="UTF-8"?>
<!-- Generated by org.testng.reporters.JUnitReportReporter -->
<testsuite skipped="1" hostname="LAPTOP-UD8M5OME" name="com.alphabet.gmail.testngtopic.TC015" tests="2" failures="0" timestamp="2020-09-27T00:25:51 IST" time="0.010" errors="0">
  <testcase name="test1" time="0.010" classname="com.alphabet.gmail.testngtopic.TC015"/>
  <system-out>
test1  </system-out>
  <testcase name="test2" classname="com.alphabet.gmail.testngtopic.TC015">
    <skipped/>
  </testcase> <!-- test2 -->
  <system-out/>
</testsuite> <!-- com.alphabet.gmail.testngtopic.TC015 -->
