<?xml version="1.0" encoding="UTF-8"?>
<!-- Generated by org.testng.reporters.JUnitReportReporter -->
<testsuite skipped="0" hostname="LAPTOP-UD8M5OME" name="com.alphabet.gmail.testngtopic.TC012" tests="2" failures="0" timestamp="2020-09-26T23:39:43 IST" time="0.014" errors="0">
  <testcase name="createProject" time="0.007" classname="com.alphabet.gmail.testngtopic.TC012"/>
  <system-out>
Test Case to Create Project  </system-out>
  <testcase name="createCustomer" time="0.007" classname="com.alphabet.gmail.testngtopic.TC012"/>
  <system-out>
Test Case to Create Customer  </system-out>
</testsuite> <!-- com.alphabet.gmail.testngtopic.TC012 -->
