<?xml version="1.0" encoding="UTF-8"?>
<!-- Generated by org.testng.reporters.JUnitReportReporter -->
<testsuite skipped="0" hostname="LAPTOP-UD8M5OME" name="com.alphabet.gmail.testngtopic.TC006" tests="3" failures="0" timestamp="2020-09-25T00:33:54 IST" time="0.024" errors="0">
  <testcase name="def" time="0.002" classname="com.alphabet.gmail.testngtopic.TC006"/>
  <system-out>
Running def Method  </system-out>
  <testcase name="abc" time="0.021" classname="com.alphabet.gmail.testngtopic.TC006"/>
  <system-out>
Running abc Method  </system-out>
  <testcase name="ghi" time="0.001" classname="com.alphabet.gmail.testngtopic.TC006"/>
  <system-out>
Running ghi Method  </system-out>
</testsuite> <!-- com.alphabet.gmail.testngtopic.TC006 -->
