<?xml version="1.0" encoding="UTF-8"?>
<!-- Generated by org.testng.reporters.JUnitReportReporter -->
<testsuite skipped="0" hostname="LAPTOP-UD8M5OME" name="com.alphabet.gmail.testngtopic.TC019" tests="1" failures="0" timestamp="2020-09-27T00:41:23 IST" time="9.223" errors="0">
  <testcase name="test" time="9.223" classname="com.alphabet.gmail.testngtopic.TC019"/>
  <system-out/>
</testsuite> <!-- com.alphabet.gmail.testngtopic.TC019 -->
