<?xml version="1.0" encoding="UTF-8"?>
<!-- Generated by org.testng.reporters.JUnitReportReporter -->
<testsuite skipped="0" hostname="LAPTOP-UD8M5OME" name="com.alphabet.gmail.testngtopic.TC020" tests="1" failures="0" timestamp="2020-09-27T01:38:26 IST" time="28.895" errors="0">
  <testcase name="testValidLogin" time="28.895" classname="com.alphabet.gmail.testngtopic.TC020"/>
  <system-out>
Assertion Successful  </system-out>
</testsuite> <!-- com.alphabet.gmail.testngtopic.TC020 -->
