<?xml version="1.0" encoding="UTF-8"?>
<!-- Generated by org.testng.reporters.JUnitReportReporter -->
<testsuite skipped="0" hostname="LAPTOP-UD8M5OME" name="com.alphabet.gmail.testngtopic.TC004" tests="5" failures="0" timestamp="2020-09-25T00:28:54 IST" time="105.743" errors="0">
  <testcase name="testValidLogin" time="21.799" classname="com.alphabet.gmail.testngtopic.TC004"/>
  <system-out/>
  <testcase name="testValidLogin" time="20.381" classname="com.alphabet.gmail.testngtopic.TC004"/>
  <system-out/>
  <testcase name="testValidLogin" time="19.279" classname="com.alphabet.gmail.testngtopic.TC004"/>
  <system-out/>
  <testcase name="testValidLogin" time="23.226" classname="com.alphabet.gmail.testngtopic.TC004"/>
  <system-out/>
  <testcase name="testValidLogin" time="21.058" classname="com.alphabet.gmail.testngtopic.TC004"/>
  <system-out/>
</testsuite> <!-- com.alphabet.gmail.testngtopic.TC004 -->
