<?xml version="1.0" encoding="UTF-8"?>
<!-- Generated by org.testng.reporters.JUnitReportReporter -->
<testsuite skipped="0" hostname="LAPTOP-UD8M5OME" name="com.alphabet.gmail.testngtopic.TC005" tests="5" failures="0" timestamp="2020-09-25T00:33:08 IST" time="107.505" errors="0">
  <testcase name="testValidLogin" time="20.680" classname="com.alphabet.gmail.testngtopic.TC005"/>
  <system-out/>
  <testcase name="testValidLogin" time="21.117" classname="com.alphabet.gmail.testngtopic.TC005"/>
  <system-out/>
  <testcase name="testValidLogin" time="21.694" classname="com.alphabet.gmail.testngtopic.TC005"/>
  <system-out/>
  <testcase name="testValidLogin" time="23.821" classname="com.alphabet.gmail.testngtopic.TC005"/>
  <system-out/>
  <testcase name="testValidLogin" time="20.193" classname="com.alphabet.gmail.testngtopic.TC005"/>
  <system-out/>
</testsuite> <!-- com.alphabet.gmail.testngtopic.TC005 -->
