<?xml version="1.0" encoding="UTF-8"?>
<!-- Generated by org.testng.reporters.JUnitReportReporter -->
<testsuite skipped="0" hostname="LAPTOP-UD8M5OME" name="com.alphabet.gmail.testngtopic.TC020Type2" tests="1" failures="0" timestamp="2020-09-27T01:39:46 IST" time="32.211" errors="0">
  <testcase name="testValidLogin" time="32.211" classname="com.alphabet.gmail.testngtopic.TC020Type2"/>
  <system-out>
Assertion Successful  </system-out>
</testsuite> <!-- com.alphabet.gmail.testngtopic.TC020Type2 -->
