<?xml version="1.0" encoding="UTF-8"?>
<!-- Generated by org.testng.reporters.JUnitReportReporter -->
<testsuite skipped="0" hostname="LAPTOP-UD8M5OME" name="com.alphabet.gmail.testngtopic.TC013" tests="1" failures="0" timestamp="2020-09-27T00:24:28 IST" time="10.293" errors="0">
  <testcase name="loginToApp" time="10.293" classname="com.alphabet.gmail.testngtopic.TC013"/>
  <system-out/>
</testsuite> <!-- com.alphabet.gmail.testngtopic.TC013 -->
