<?xml version="1.0" encoding="UTF-8"?>
<!-- Generated by org.testng.reporters.JUnitReportReporter -->
<testsuite skipped="0" hostname="LAPTOP-UD8M5OME" name="com.alphabet.gmail.testngtopic.TC007" tests="3" failures="0" timestamp="2020-09-25T00:34:14 IST" time="0.010" errors="0">
  <testcase name="t2" time="0.008" classname="com.alphabet.gmail.testngtopic.TC007"/>
  <system-out>
Running t2 Method  </system-out>
  <testcase name="t3" time="0.001" classname="com.alphabet.gmail.testngtopic.TC007"/>
  <system-out>
Running t3 Method  </system-out>
  <testcase name="t1" time="0.001" classname="com.alphabet.gmail.testngtopic.TC007"/>
  <system-out>
Running t1 Method  </system-out>
</testsuite> <!-- com.alphabet.gmail.testngtopic.TC007 -->
